2021-04-07 12:45:26 [[32minfo[39m]: 	Connected to the mongodb database {
  "object": {}
}
2021-04-07 12:45:26 [[32minfo[39m]: 	Server is listening on localhost:8080 {
  "object": {}
}
2021-04-07 12:45:26 [[32minfo[39m]: 	Member created with id 606da966e85c6065783db62a {
  "object": {}
}
2021-04-07 12:45:26 [[32minfo[39m]: 	Member created with id 606da966e85c6065783db62b {
  "object": {}
}
2021-04-07 12:45:26 [[32minfo[39m]: 	Member created with id 606da966e85c6065783db629 {
  "object": {}
}
2021-04-07 12:45:26 [[32minfo[39m]: 	Member created with id 606da966e85c6065783db62c {
  "object": {}
}
2021-04-07 12:45:26 [[32minfo[39m]: 	Member created with id 606da966e85c6065783db62d {
  "object": {}
}
2021-04-07 12:45:26 [[32minfo[39m]: 	Member created with id 606da966e85c6065783db630 {
  "object": {}
}
2021-04-07 12:45:26 [[32minfo[39m]: 	Member created with id 606da966e85c6065783db632 {
  "object": {}
}
2021-04-07 12:45:26 [[32minfo[39m]: 	Member created with id 606da966e85c6065783db62f {
  "object": {}
}
2021-04-07 12:45:26 [[32minfo[39m]: 	Member created with id 606da966e85c6065783db62e {
  "object": {}
}
2021-04-07 12:45:26 [[32minfo[39m]: 	Member created with id 606da966e85c6065783db631 {
  "object": {}
}
2021-04-07 12:45:27 [[32minfo[39m]: 	Portfolio created with id 606da966e85c6065783db634 {
  "object": {}
}
2021-04-07 12:45:27 [[32minfo[39m]: 	Portfolio created with id 606da966e85c6065783db636 {
  "object": {}
}
2021-04-07 12:45:27 [[32minfo[39m]: 	Portfolio created with id 606da966e85c6065783db633 {
  "object": {}
}
2021-04-07 12:45:27 [[32minfo[39m]: 	Portfolio created with id 606da966e85c6065783db635 {
  "object": {}
}
2021-04-07 12:45:27 [[32minfo[39m]: 	Portfolio created with id 606da966e85c6065783db639 {
  "object": {}
}
2021-04-07 12:45:27 [[32minfo[39m]: 	Portfolio created with id 606da966e85c6065783db63a {
  "object": {}
}
2021-04-07 12:45:27 [[32minfo[39m]: 	Portfolio created with id 606da966e85c6065783db63b {
  "object": {}
}
2021-04-07 12:45:27 [[32minfo[39m]: 	Portfolio created with id 606da966e85c6065783db638 {
  "object": {}
}
2021-04-07 12:45:27 [[32minfo[39m]: 	Portfolio created with id 606da966e85c6065783db637 {
  "object": {}
}
2021-04-07 12:45:27 [[32minfo[39m]: 	Portfolio created with id 606da966e85c6065783db63c {
  "object": {}
}
2021-04-07 12:51:09 [[32minfo[39m]: 	Connected to the mongodb database {
  "object": {}
}
2021-04-07 12:51:09 [[32minfo[39m]: 	Server is listening on localhost:8080 {
  "object": {}
}
2021-04-07 13:02:17 [[32minfo[39m]: 	Connected to the mongodb database {
  "object": {}
}
2021-04-07 13:02:17 [[32minfo[39m]: 	Server is listening on localhost:8080 {
  "object": {}
}
2021-04-07 13:07:46 [[32minfo[39m]: 	Connected to the mongodb database {
  "object": {}
}
2021-04-07 13:07:46 [[32minfo[39m]: 	Server is listening on localhost:8080 {
  "object": {}
}
