2021-04-07 12:45:26 [[32minfo[39m]: 	Connected to the mongodb database {
  "object": {}
}
2021-04-07 12:45:26 [[32minfo[39m]: 	Server is listening on localhost:8080 {
  "object": {}
}
2021-04-07 12:45:26 [[32minfo[39m]: 	Member created with id 606da966e85c6065783db62a {
  "object": {}
}
2021-04-07 12:45:26 [[32minfo[39m]: 	Member created with id 606da966e85c6065783db62b {
  "object": {}
}
2021-04-07 12:45:26 [[32minfo[39m]: 	Member created with id 606da966e85c6065783db629 {
  "object": {}
}
2021-04-07 12:45:26 [[32minfo[39m]: 	Member created with id 606da966e85c6065783db62c {
  "object": {}
}
2021-04-07 12:45:26 [[32minfo[39m]: 	Member created with id 606da966e85c6065783db62d {
  "object": {}
}
2021-04-07 12:45:26 [[32minfo[39m]: 	Member created with id 606da966e85c6065783db630 {
  "object": {}
}
2021-04-07 12:45:26 [[32minfo[39m]: 	Member created with id 606da966e85c6065783db632 {
  "object": {}
}
2021-04-07 12:45:26 [[32minfo[39m]: 	Member created with id 606da966e85c6065783db62f {
  "object": {}
}
2021-04-07 12:45:26 [[32minfo[39m]: 	Member created with id 606da966e85c6065783db62e {
  "object": {}
}
2021-04-07 12:45:26 [[32minfo[39m]: 	Member created with id 606da966e85c6065783db631 {
  "object": {}
}
2021-04-07 12:45:27 [[32minfo[39m]: 	Portfolio created with id 606da966e85c6065783db634 {
  "object": {}
}
2021-04-07 12:45:27 [[32minfo[39m]: 	Portfolio created with id 606da966e85c6065783db636 {
  "object": {}
}
2021-04-07 12:45:27 [[32minfo[39m]: 	Portfolio created with id 606da966e85c6065783db633 {
  "object": {}
}
2021-04-07 12:45:27 [[32minfo[39m]: 	Portfolio created with id 606da966e85c6065783db635 {
  "object": {}
}
2021-04-07 12:45:27 [[32minfo[39m]: 	Portfolio created with id 606da966e85c6065783db639 {
  "object": {}
}
2021-04-07 12:45:27 [[32minfo[39m]: 	Portfolio created with id 606da966e85c6065783db63a {
  "object": {}
}
2021-04-07 12:45:27 [[32minfo[39m]: 	Portfolio created with id 606da966e85c6065783db63b {
  "object": {}
}
2021-04-07 12:45:27 [[32minfo[39m]: 	Portfolio created with id 606da966e85c6065783db638 {
  "object": {}
}
2021-04-07 12:45:27 [[32minfo[39m]: 	Portfolio created with id 606da966e85c6065783db637 {
  "object": {}
}
2021-04-07 12:45:27 [[32minfo[39m]: 	Portfolio created with id 606da966e85c6065783db63c {
  "object": {}
}
2021-04-07 12:51:09 [[32minfo[39m]: 	Connected to the mongodb database {
  "object": {}
}
2021-04-07 12:51:09 [[32minfo[39m]: 	Server is listening on localhost:8080 {
  "object": {}
}
2021-04-07 13:02:17 [[32minfo[39m]: 	Connected to the mongodb database {
  "object": {}
}
2021-04-07 13:02:17 [[32minfo[39m]: 	Server is listening on localhost:8080 {
  "object": {}
}
2021-04-07 13:07:46 [[32minfo[39m]: 	Connected to the mongodb database {
  "object": {}
}
2021-04-07 13:07:46 [[32minfo[39m]: 	Server is listening on localhost:8080 {
  "object": {}
}
2021-04-07 14:20:27 [[32minfo[39m]: 	Connected to the mongodb database {
  "object": {}
}
2021-04-07 14:20:27 [[32minfo[39m]: 	Server is listening on localhost:8080 {
  "object": {}
}
2021-04-07 15:37:03 [[32minfo[39m]: 	Connected to the mongodb database {
  "object": {}
}
2021-04-07 15:37:03 [[32minfo[39m]: 	Server is listening on localhost:8080 {
  "object": {}
}
2021-04-07 15:42:52 [[32minfo[39m]: 	Connected to the mongodb database {
  "object": {}
}
2021-04-07 15:42:52 [[32minfo[39m]: 	Server is listening on localhost:8080 {
  "object": {}
}
2021-04-07 16:10:30 [[32minfo[39m]: 	Connected to the mongodb database {
  "object": {}
}
2021-04-07 16:10:30 [[32minfo[39m]: 	Server is listening on localhost:8080 {
  "object": {}
}
2021-04-07 19:19:52 [[32minfo[39m]: 	Connected to the mongodb database {
  "object": {}
}
2021-04-07 19:19:52 [[31merror[39m]: 	Can't launch the application {
  "object": {}
}
2021-04-07 19:21:38 [[32minfo[39m]: 	Connected to the mongodb database {
  "object": {}
}
2021-04-07 19:21:38 [[32minfo[39m]: 	Server is listening on localhost:8080 {
  "object": {}
}
2021-04-07 19:21:56 [[32minfo[39m]: 	Connected to the mongodb database {
  "object": {}
}
2021-04-07 19:21:56 [[32minfo[39m]: 	Server is listening on localhost:8080 {
  "object": {}
}
2021-04-07 19:23:20 [[32minfo[39m]: 	Connected to the mongodb database {
  "object": {}
}
2021-04-07 19:23:20 [[32minfo[39m]: 	Server is listening on localhost:8080 {
  "object": {}
}
2021-04-07 19:23:24 [[32minfo[39m]: 	Connected to the mongodb database {
  "object": {}
}
2021-04-07 19:23:24 [[32minfo[39m]: 	Server is listening on localhost:8080 {
  "object": {}
}
2021-04-07 19:29:41 [[32minfo[39m]: 	Connected to the mongodb database {
  "object": {}
}
2021-04-07 19:29:41 [[32minfo[39m]: 	Server is listening on localhost:8080 {
  "object": {}
}
2021-04-07 19:39:02 [[32minfo[39m]: 	Connected to the mongodb database {
  "object": {}
}
2021-04-07 19:39:02 [[32minfo[39m]: 	Server is listening on localhost:8080 {
  "object": {}
}
2021-04-07 19:41:34 [[32minfo[39m]: 	Connected to the mongodb database {
  "object": {}
}
2021-04-07 19:41:34 [[32minfo[39m]: 	Server is listening on localhost:8080 {
  "object": {}
}
2021-04-07 19:48:39 [[32minfo[39m]: 	Connected to the mongodb database {
  "object": {}
}
2021-04-07 19:48:39 [[32minfo[39m]: 	Server is listening on localhost:8080 {
  "object": {}
}
2021-04-07 19:49:01 [[32minfo[39m]: 	Connected to the mongodb database {
  "object": {}
}
2021-04-07 19:49:01 [[32minfo[39m]: 	Server is listening on localhost:8080 {
  "object": {}
}
2021-04-07 19:54:33 [[32minfo[39m]: 	Connected to the mongodb database {
  "object": {}
}
2021-04-07 19:54:33 [[32minfo[39m]: 	Server is listening on localhost:8080 {
  "object": {}
}
2021-04-07 19:54:52 [[32minfo[39m]: 	Connected to the mongodb database {
  "object": {}
}
2021-04-07 19:54:52 [[32minfo[39m]: 	Server is listening on localhost:8080 {
  "object": {}
}
2021-04-07 20:02:01 [[32minfo[39m]: 	Connected to the mongodb database {
  "object": {}
}
2021-04-07 20:02:01 [[32minfo[39m]: 	Server is listening on localhost:8080 {
  "object": {}
}
2021-04-07 20:37:24 [[32minfo[39m]: 	Connected to the mongodb database {
  "object": {}
}
2021-04-07 20:37:24 [[32minfo[39m]: 	Server is listening on localhost:8080 {
  "object": {}
}
2021-04-07 20:38:18 [[32minfo[39m]: 	Connected to the mongodb database {
  "object": {}
}
2021-04-07 20:38:18 [[32minfo[39m]: 	Server is listening on localhost:8080 {
  "object": {}
}
2021-04-07 21:02:29 [[32minfo[39m]: 	Connected to the mongodb database {
  "object": {}
}
2021-04-07 21:02:29 [[32minfo[39m]: 	Server is listening on localhost:8080 {
  "object": {}
}
2021-04-07 21:02:49 [[32minfo[39m]: 	Connected to the mongodb database {
  "object": {}
}
2021-04-07 21:02:49 [[32minfo[39m]: 	Server is listening on localhost:8080 {
  "object": {}
}
2021-04-08 11:38:05 [[32minfo[39m]: 	Connected to the mongodb database {
  "object": {}
}
2021-04-08 11:38:05 [[32minfo[39m]: 	Server is listening on localhost:8080 {
  "object": {}
}
