2021-04-07 19:19:52 [[31merror[39m]: 	Can't launch the application {
  "object": {}
}
2021-05-22 14:10:26 [[31merror[39m]: 	Can't launch the application {
  "object": {}
}
2021-05-22 14:10:40 [[31merror[39m]: 	Can't launch the application {
  "object": {}
}
2021-05-22 14:10:45 [[31merror[39m]: 	Can't launch the application {
  "object": {}
}
2021-06-29 07:15:58 [[31merror[39m]: 	Can't connect to the database {
  "object": {
    "message": "Could not connect to any servers in your MongoDB Atlas cluster. One common reason is that you're trying to access the database from an IP that isn't whitelisted. Make sure your current IP address is on your Atlas cluster's IP whitelist: https://docs.atlas.mongodb.com/security-whitelist/",
    "reason": {
      "type": "ReplicaSetNoPrimary",
      "setName": null,
      "maxSetVersion": null,
      "maxElectionId": null,
      "servers": {},
      "stale": false,
      "compatible": true,
      "compatibilityError": null,
      "logicalSessionTimeoutMinutes": null,
      "heartbeatFrequencyMS": 10000,
      "localThresholdMS": 15,
      "commonWireVersion": null
    }
  }
}
2021-06-29 07:15:58 [[31merror[39m]: 	Can't launch the application {
  "object": {
    "message": "Could not connect to any servers in your MongoDB Atlas cluster. One common reason is that you're trying to access the database from an IP that isn't whitelisted. Make sure your current IP address is on your Atlas cluster's IP whitelist: https://docs.atlas.mongodb.com/security-whitelist/",
    "reason": {
      "type": "ReplicaSetNoPrimary",
      "setName": null,
      "maxSetVersion": null,
      "maxElectionId": null,
      "servers": {},
      "stale": false,
      "compatible": true,
      "compatibilityError": null,
      "logicalSessionTimeoutMinutes": null,
      "heartbeatFrequencyMS": 10000,
      "localThresholdMS": 15,
      "commonWireVersion": null
    }
  }
}
2021-07-26 11:29:43 [[31merror[39m]: 	Can't launch the application {
  "object": {}
}
2021-07-26 11:29:56 [[31merror[39m]: 	Can't launch the application {
  "object": {}
}
2021-07-26 11:30:32 [[31merror[39m]: 	Can't launch the application {
  "object": {}
}
